1764340231: mosquitto version 2.0.22 starting
1764340231: Config loaded from /mosquitto/config/mosquitto.conf.
1764340231: Warning: File /mosquitto/config/pico_pass.pass has world readable permissions. Future versions will refuse to load this file.
To fix this, use `chmod 0700 /mosquitto/config/pico_pass.pass`.
1764340231: Opening ipv4 listen socket on port 1883.
1764340231: mosquitto version 2.0.22 running
1764340237: mosquitto version 2.0.22 terminating
1764340239: mosquitto version 2.0.22 starting
1764340239: Config loaded from /mosquitto/config/mosquitto.conf.
1764340239: Warning: File /mosquitto/config/pico_pass.pass has world readable permissions. Future versions will refuse to load this file.
To fix this, use `chmod 0700 /mosquitto/config/pico_pass.pass`.
1764340239: Opening ipv4 listen socket on port 1883.
1764340239: mosquitto version 2.0.22 running
1764340262: New connection from 172.18.0.1:45178 on port 1883.
1764340262: New client connected from 172.18.0.1:45178 as picoe661 (p2, c1, k60, u'PICOUSER').
1764340262: Will message specified (1 bytes) (r1, q1).
1764340262: 	/online
1764340262: Sending CONNACK to picoe661 (0, 0)
1764340262: Received SUBSCRIBE from picoe661
1764340262: 	/led (QoS 1)
1764340262: picoe661 1 /led
1764340262: Sending SUBACK to picoe661
1764340262: Received SUBSCRIBE from picoe661
1764340262: 	/print (QoS 1)
1764340262: picoe661 1 /print
1764340262: Sending SUBACK to picoe661
1764340262: Received SUBSCRIBE from picoe661
1764340262: 	/ping (QoS 1)
1764340262: picoe661 1 /ping
1764340262: Sending SUBACK to picoe661
1764340262: Received SUBSCRIBE from picoe661
1764340262: 	/exit (QoS 1)
1764340262: picoe661 1 /exit
1764340262: Sending SUBACK to picoe661
1764340262: Received PUBLISH from picoe661 (d0, q1, r1, m5, '/online', ... (1 bytes))
1764340262: Sending PUBACK to picoe661 (m5, rc0)
1764340271: Received PUBLISH from picoe661 (d0, q1, r0, m7, '/temperature', ... (5 bytes))
1764340271: Sending PUBACK to picoe661 (m7, rc0)
1764340280: Received PUBLISH from picoe661 (d0, q1, r0, m8, '/temperature', ... (5 bytes))
1764340280: Sending PUBACK to picoe661 (m8, rc0)
1764340302: New connection from 127.0.0.1:50812 on port 1883.
1764340302: Sending CONNACK to auto-95BD7252-B5AC-A780-A8D5-CC72301F5E25 (0, 5)
1764340302: Client auto-95BD7252-B5AC-A780-A8D5-CC72301F5E25 disconnected, not authorised.
1764340311: Received PUBLISH from picoe661 (d0, q1, r0, m9, '/temperature', ... (5 bytes))
1764340311: Sending PUBACK to picoe661 (m9, rc0)
1764340322: Received PUBLISH from picoe661 (d0, q1, r0, m10, '/temperature', ... (5 bytes))
1764340322: Sending PUBACK to picoe661 (m10, rc0)
1764340339: New connection from 127.0.0.1:35266 on port 1883.
1764340339: Sending CONNACK to auto-A7F65E3F-AC9D-D866-A60D-52DCFEF046D1 (0, 5)
1764340339: Client auto-A7F65E3F-AC9D-D866-A60D-52DCFEF046D1 disconnected, not authorised.
1764340341: New connection from 127.0.0.1:35270 on port 1883.
1764340341: New client connected from 127.0.0.1:35270 as auto-65CAA584-FD31-7C92-7DC9-56D9FF745F0D (p2, c1, k60, u'Admin').
1764340341: No will message specified.
1764340341: Sending CONNACK to auto-65CAA584-FD31-7C92-7DC9-56D9FF745F0D (0, 0)
1764340341: Received SUBSCRIBE from auto-65CAA584-FD31-7C92-7DC9-56D9FF745F0D
1764340341: 	/temperature (QoS 0)
1764340341: auto-65CAA584-FD31-7C92-7DC9-56D9FF745F0D 0 /temperature
1764340341: Sending SUBACK to auto-65CAA584-FD31-7C92-7DC9-56D9FF745F0D
1764340380: New connection from 172.18.0.1:47886 on port 1883.
1764340380: Client picoe661 already connected, closing old connection.
1764340380: New client connected from 172.18.0.1:47886 as picoe661 (p2, c1, k60, u'PICOUSER').
1764340380: Will message specified (1 bytes) (r1, q1).
1764340380: 	/online
1764340380: Sending CONNACK to picoe661 (0, 0)
1764340380: Received SUBSCRIBE from picoe661
1764340380: 	/led (QoS 1)
1764340380: picoe661 1 /led
1764340380: Sending SUBACK to picoe661
1764340380: Received SUBSCRIBE from picoe661
1764340380: 	/print (QoS 1)
1764340380: picoe661 1 /print
1764340380: Sending SUBACK to picoe661
1764340380: Received SUBSCRIBE from picoe661
1764340380: 	/ping (QoS 1)
1764340380: picoe661 1 /ping
1764340380: Sending SUBACK to picoe661
1764340380: Received SUBSCRIBE from picoe661
1764340380: 	/exit (QoS 1)
1764340380: picoe661 1 /exit
1764340380: Sending SUBACK to picoe661
1764340380: Received PUBLISH from picoe661 (d0, q1, r1, m5, '/online', ... (1 bytes))
1764340380: Sending PUBACK to picoe661 (m5, rc0)
1764340401: Received PUBLISH from picoe661 (d0, q1, r0, m7, '/temperature', ... (5 bytes))
1764340401: Sending PUBLISH to auto-65CAA584-FD31-7C92-7DC9-56D9FF745F0D (d0, q0, r0, m0, '/temperature', ... (5 bytes))
1764340401: Sending PUBACK to picoe661 (m7, rc0)
1764340406: Received PINGREQ from auto-65CAA584-FD31-7C92-7DC9-56D9FF745F0D
1764340406: Sending PINGRESP to auto-65CAA584-FD31-7C92-7DC9-56D9FF745F0D
1764340462: Received PINGREQ from picoe661
1764340462: Sending PINGRESP to picoe661
1764340470: Received PINGREQ from auto-65CAA584-FD31-7C92-7DC9-56D9FF745F0D
1764340470: Sending PINGRESP to auto-65CAA584-FD31-7C92-7DC9-56D9FF745F0D
1764340482: Received PUBLISH from picoe661 (d0, q1, r0, m8, '/temperature', ... (5 bytes))
1764340482: Sending PUBLISH to auto-65CAA584-FD31-7C92-7DC9-56D9FF745F0D (d0, q0, r0, m0, '/temperature', ... (5 bytes))
1764340482: Sending PUBACK to picoe661 (m8, rc0)
1764340491: Received PUBLISH from picoe661 (d0, q1, r0, m9, '/temperature', ... (5 bytes))
1764340491: Sending PUBLISH to auto-65CAA584-FD31-7C92-7DC9-56D9FF745F0D (d0, q0, r0, m0, '/temperature', ... (5 bytes))
1764340491: Sending PUBACK to picoe661 (m9, rc0)
1764340500: Received PUBLISH from picoe661 (d0, q1, r0, m10, '/temperature', ... (5 bytes))
1764340500: Sending PUBLISH to auto-65CAA584-FD31-7C92-7DC9-56D9FF745F0D (d0, q0, r0, m0, '/temperature', ... (5 bytes))
1764340500: Sending PUBACK to picoe661 (m10, rc0)
1764340512: Received PUBLISH from picoe661 (d0, q1, r0, m11, '/temperature', ... (5 bytes))
1764340512: Sending PUBLISH to auto-65CAA584-FD31-7C92-7DC9-56D9FF745F0D (d0, q0, r0, m0, '/temperature', ... (5 bytes))
1764340512: Sending PUBACK to picoe661 (m11, rc0)
1764340535: Received PINGREQ from auto-65CAA584-FD31-7C92-7DC9-56D9FF745F0D
1764340535: Sending PINGRESP to auto-65CAA584-FD31-7C92-7DC9-56D9FF745F0D
1764340552: Received PUBLISH from picoe661 (d0, q1, r0, m12, '/temperature', ... (5 bytes))
1764340552: Sending PUBLISH to auto-65CAA584-FD31-7C92-7DC9-56D9FF745F0D (d0, q0, r0, m0, '/temperature', ... (5 bytes))
1764340552: Sending PUBACK to picoe661 (m12, rc0)
1764340561: Received PUBLISH from picoe661 (d0, q1, r0, m13, '/temperature', ... (5 bytes))
1764340561: Sending PUBLISH to auto-65CAA584-FD31-7C92-7DC9-56D9FF745F0D (d0, q0, r0, m0, '/temperature', ... (5 bytes))
1764340561: Sending PUBACK to picoe661 (m13, rc0)
1764340599: Received PINGREQ from auto-65CAA584-FD31-7C92-7DC9-56D9FF745F0D
1764340599: Sending PINGRESP to auto-65CAA584-FD31-7C92-7DC9-56D9FF745F0D
1764340621: Received PINGREQ from picoe661
1764340621: Sending PINGRESP to picoe661
1764340661: Received PUBLISH from picoe661 (d0, q1, r0, m14, '/temperature', ... (5 bytes))
1764340661: Sending PUBLISH to auto-65CAA584-FD31-7C92-7DC9-56D9FF745F0D (d0, q0, r0, m0, '/temperature', ... (5 bytes))
1764340661: Sending PUBACK to picoe661 (m14, rc0)
1764340665: Received PINGREQ from auto-65CAA584-FD31-7C92-7DC9-56D9FF745F0D
1764340665: Sending PINGRESP to auto-65CAA584-FD31-7C92-7DC9-56D9FF745F0D
1764340670: Received PUBLISH from picoe661 (d0, q1, r0, m15, '/temperature', ... (5 bytes))
1764340670: Sending PUBLISH to auto-65CAA584-FD31-7C92-7DC9-56D9FF745F0D (d0, q0, r0, m0, '/temperature', ... (5 bytes))
1764340670: Sending PUBACK to picoe661 (m15, rc0)
1764340712: Received PUBLISH from picoe661 (d0, q1, r0, m16, '/temperature', ... (5 bytes))
1764340712: Sending PUBLISH to auto-65CAA584-FD31-7C92-7DC9-56D9FF745F0D (d0, q0, r0, m0, '/temperature', ... (5 bytes))
1764340712: Sending PUBACK to picoe661 (m16, rc0)
1764340721: Received PUBLISH from picoe661 (d0, q1, r0, m17, '/temperature', ... (5 bytes))
1764340721: Sending PUBLISH to auto-65CAA584-FD31-7C92-7DC9-56D9FF745F0D (d0, q0, r0, m0, '/temperature', ... (5 bytes))
1764340721: Sending PUBACK to picoe661 (m17, rc0)
1764340730: Received PINGREQ from auto-65CAA584-FD31-7C92-7DC9-56D9FF745F0D
1764340730: Sending PINGRESP to auto-65CAA584-FD31-7C92-7DC9-56D9FF745F0D
1764340742: Received PUBLISH from picoe661 (d0, q1, r0, m18, '/temperature', ... (5 bytes))
1764340742: Sending PUBLISH to auto-65CAA584-FD31-7C92-7DC9-56D9FF745F0D (d0, q0, r0, m0, '/temperature', ... (5 bytes))
1764340742: Sending PUBACK to picoe661 (m18, rc0)
1764340751: Received PUBLISH from picoe661 (d0, q1, r0, m19, '/temperature', ... (5 bytes))
1764340751: Sending PUBLISH to auto-65CAA584-FD31-7C92-7DC9-56D9FF745F0D (d0, q0, r0, m0, '/temperature', ... (5 bytes))
1764340751: Sending PUBACK to picoe661 (m19, rc0)
1764340791: Received PUBLISH from picoe661 (d0, q1, r0, m20, '/temperature', ... (5 bytes))
1764340791: Sending PUBLISH to auto-65CAA584-FD31-7C92-7DC9-56D9FF745F0D (d0, q0, r0, m0, '/temperature', ... (5 bytes))
1764340791: Sending PUBACK to picoe661 (m20, rc0)
1764340795: Received PINGREQ from auto-65CAA584-FD31-7C92-7DC9-56D9FF745F0D
1764340795: Sending PINGRESP to auto-65CAA584-FD31-7C92-7DC9-56D9FF745F0D
1764340800: Received PUBLISH from picoe661 (d0, q1, r0, m21, '/temperature', ... (5 bytes))
1764340800: Sending PUBLISH to auto-65CAA584-FD31-7C92-7DC9-56D9FF745F0D (d0, q0, r0, m0, '/temperature', ... (5 bytes))
1764340800: Sending PUBACK to picoe661 (m21, rc0)
1764340851: Received PUBLISH from picoe661 (d0, q1, r0, m22, '/temperature', ... (5 bytes))
1764340851: Sending PUBLISH to auto-65CAA584-FD31-7C92-7DC9-56D9FF745F0D (d0, q0, r0, m0, '/temperature', ... (5 bytes))
1764340851: Sending PUBACK to picoe661 (m22, rc0)
1764340860: Received PUBLISH from picoe661 (d0, q1, r0, m23, '/temperature', ... (5 bytes))
1764340860: Sending PUBLISH to auto-65CAA584-FD31-7C92-7DC9-56D9FF745F0D (d0, q0, r0, m0, '/temperature', ... (5 bytes))
1764340860: Sending PUBACK to picoe661 (m23, rc0)
1764340860: Received PINGREQ from auto-65CAA584-FD31-7C92-7DC9-56D9FF745F0D
1764340860: Sending PINGRESP to auto-65CAA584-FD31-7C92-7DC9-56D9FF745F0D
1764340865: New connection from 172.18.0.1:37500 on port 1883.
1764340865: Sending CONNACK to auto-EFC22F0C-14CE-2314-6C32-E2A6B5FA45D5 (0, 5)
1764340865: Client auto-EFC22F0C-14CE-2314-6C32-E2A6B5FA45D5 disconnected, not authorised.
1764340881: Received PUBLISH from picoe661 (d0, q1, r0, m24, '/temperature', ... (5 bytes))
1764340881: Sending PUBLISH to auto-65CAA584-FD31-7C92-7DC9-56D9FF745F0D (d0, q0, r0, m0, '/temperature', ... (5 bytes))
1764340881: Sending PUBACK to picoe661 (m24, rc0)
1764340890: New connection from 172.18.0.1:46952 on port 1883.
1764340890: New client connected from 172.18.0.1:46952 as auto-1408BD64-77B0-B37F-5EFB-F3928D9E5356 (p2, c1, k60, u'Admin').
1764340890: No will message specified.
1764340890: Sending CONNACK to auto-1408BD64-77B0-B37F-5EFB-F3928D9E5356 (0, 0)
1764340890: Received PUBLISH from auto-1408BD64-77B0-B37F-5EFB-F3928D9E5356 (d0, q0, r0, m0, '/led', ... (2 bytes))
1764340890: Sending PUBLISH to picoe661 (d0, q0, r0, m0, '/led', ... (2 bytes))
1764340890: Received DISCONNECT from auto-1408BD64-77B0-B37F-5EFB-F3928D9E5356
1764340890: Client auto-1408BD64-77B0-B37F-5EFB-F3928D9E5356 disconnected.
1764340890: Received PUBLISH from picoe661 (d0, q1, r0, m25, '/led/state', ... (2 bytes))
1764340890: Sending PUBACK to picoe661 (m25, rc0)
1764340890: Received PUBLISH from picoe661 (d0, q1, r0, m26, '/temperature', ... (5 bytes))
1764340890: Sending PUBLISH to auto-65CAA584-FD31-7C92-7DC9-56D9FF745F0D (d0, q0, r0, m0, '/temperature', ... (5 bytes))
1764340890: Sending PUBACK to picoe661 (m26, rc0)
1764340899: Received PUBLISH from picoe661 (d0, q1, r0, m27, '/temperature', ... (5 bytes))
1764340899: Sending PUBLISH to auto-65CAA584-FD31-7C92-7DC9-56D9FF745F0D (d0, q0, r0, m0, '/temperature', ... (5 bytes))
1764340899: Sending PUBACK to picoe661 (m27, rc0)
1764340906: New connection from 172.18.0.1:53558 on port 1883.
1764340906: New client connected from 172.18.0.1:53558 as auto-DC8B8841-F806-0CCE-1EEB-92056AFA5752 (p2, c1, k60, u'Admin').
1764340906: No will message specified.
1764340906: Sending CONNACK to auto-DC8B8841-F806-0CCE-1EEB-92056AFA5752 (0, 0)
1764340906: Received PUBLISH from auto-DC8B8841-F806-0CCE-1EEB-92056AFA5752 (d0, q0, r0, m0, '/led', ... (3 bytes))
1764340906: Sending PUBLISH to picoe661 (d0, q0, r0, m0, '/led', ... (3 bytes))
1764340906: Received DISCONNECT from auto-DC8B8841-F806-0CCE-1EEB-92056AFA5752
1764340906: Client auto-DC8B8841-F806-0CCE-1EEB-92056AFA5752 disconnected.
1764340906: Received PUBLISH from picoe661 (d0, q1, r0, m28, '/led/state', ... (3 bytes))
1764340906: Sending PUBACK to picoe661 (m28, rc0)
1764340920: Received PUBLISH from picoe661 (d0, q1, r0, m29, '/temperature', ... (5 bytes))
1764340920: Sending PUBLISH to auto-65CAA584-FD31-7C92-7DC9-56D9FF745F0D (d0, q0, r0, m0, '/temperature', ... (5 bytes))
1764340920: Sending PUBACK to picoe661 (m29, rc0)
1764340925: Received PINGREQ from auto-65CAA584-FD31-7C92-7DC9-56D9FF745F0D
1764340925: Sending PINGRESP to auto-65CAA584-FD31-7C92-7DC9-56D9FF745F0D
1764340942: Received PUBLISH from picoe661 (d0, q1, r0, m30, '/temperature', ... (5 bytes))
1764340942: Sending PUBLISH to auto-65CAA584-FD31-7C92-7DC9-56D9FF745F0D (d0, q0, r0, m0, '/temperature', ... (5 bytes))
1764340942: Sending PUBACK to picoe661 (m30, rc0)
1764340972: Received PUBLISH from picoe661 (d0, q1, r0, m31, '/temperature', ... (5 bytes))
1764340972: Sending PUBLISH to auto-65CAA584-FD31-7C92-7DC9-56D9FF745F0D (d0, q0, r0, m0, '/temperature', ... (5 bytes))
1764340972: Sending PUBACK to picoe661 (m31, rc0)
1764340990: Received PUBLISH from picoe661 (d0, q1, r0, m32, '/temperature', ... (5 bytes))
1764340990: Sending PUBLISH to auto-65CAA584-FD31-7C92-7DC9-56D9FF745F0D (d0, q0, r0, m0, '/temperature', ... (5 bytes))
1764340990: Sending PUBACK to picoe661 (m32, rc0)
1764340991: Received PINGREQ from auto-65CAA584-FD31-7C92-7DC9-56D9FF745F0D
1764340991: Sending PINGRESP to auto-65CAA584-FD31-7C92-7DC9-56D9FF745F0D
1764341001: New connection from 172.18.0.1:34436 on port 1883.
1764341001: New client connected from 172.18.0.1:34436 as auto-FF7B1BC3-EE64-EF1C-4D6E-0AAC6536E985 (p2, c1, k60, u'Admin').
1764341001: No will message specified.
1764341001: Sending CONNACK to auto-FF7B1BC3-EE64-EF1C-4D6E-0AAC6536E985 (0, 0)
1764341001: Received SUBSCRIBE from auto-FF7B1BC3-EE64-EF1C-4D6E-0AAC6536E985
1764341001: 	/led/state (QoS 0)
1764341001: auto-FF7B1BC3-EE64-EF1C-4D6E-0AAC6536E985 0 /led/state
1764341001: Sending SUBACK to auto-FF7B1BC3-EE64-EF1C-4D6E-0AAC6536E985
1764341002: Received PUBLISH from picoe661 (d0, q1, r0, m33, '/temperature', ... (5 bytes))
1764341002: Sending PUBLISH to auto-65CAA584-FD31-7C92-7DC9-56D9FF745F0D (d0, q0, r0, m0, '/temperature', ... (5 bytes))
1764341002: Sending PUBACK to picoe661 (m33, rc0)
1764341009: New connection from 172.18.0.1:53420 on port 1883.
1764341009: New client connected from 172.18.0.1:53420 as auto-86EFBB79-4A6B-4217-08D7-8AF3808C278E (p2, c1, k60, u'Admin').
1764341009: No will message specified.
1764341009: Sending CONNACK to auto-86EFBB79-4A6B-4217-08D7-8AF3808C278E (0, 0)
1764341009: Received PUBLISH from auto-86EFBB79-4A6B-4217-08D7-8AF3808C278E (d0, q0, r0, m0, '/led', ... (2 bytes))
1764341009: Sending PUBLISH to picoe661 (d0, q0, r0, m0, '/led', ... (2 bytes))
1764341009: Received DISCONNECT from auto-86EFBB79-4A6B-4217-08D7-8AF3808C278E
1764341009: Client auto-86EFBB79-4A6B-4217-08D7-8AF3808C278E disconnected.
1764341009: Received PUBLISH from picoe661 (d0, q1, r0, m34, '/led/state', ... (2 bytes))
1764341009: Sending PUBLISH to auto-FF7B1BC3-EE64-EF1C-4D6E-0AAC6536E985 (d0, q0, r0, m0, '/led/state', ... (2 bytes))
1764341009: Sending PUBACK to picoe661 (m34, rc0)
1764341011: Received PUBLISH from picoe661 (d0, q1, r0, m35, '/temperature', ... (5 bytes))
1764341011: Sending PUBLISH to auto-65CAA584-FD31-7C92-7DC9-56D9FF745F0D (d0, q0, r0, m0, '/temperature', ... (5 bytes))
1764341011: Sending PUBACK to picoe661 (m35, rc0)
1764341013: New connection from 172.18.0.1:53436 on port 1883.
1764341013: New client connected from 172.18.0.1:53436 as auto-13484062-6722-9344-A744-482A439A3FC9 (p2, c1, k60, u'Admin').
1764341013: No will message specified.
1764341013: Sending CONNACK to auto-13484062-6722-9344-A744-482A439A3FC9 (0, 0)
1764341013: Received PUBLISH from auto-13484062-6722-9344-A744-482A439A3FC9 (d0, q0, r0, m0, '/led', ... (3 bytes))
1764341013: Sending PUBLISH to picoe661 (d0, q0, r0, m0, '/led', ... (3 bytes))
1764341013: Received DISCONNECT from auto-13484062-6722-9344-A744-482A439A3FC9
1764341013: Client auto-13484062-6722-9344-A744-482A439A3FC9 disconnected.
1764341013: Received PUBLISH from picoe661 (d0, q1, r0, m36, '/led/state', ... (3 bytes))
1764341013: Sending PUBLISH to auto-FF7B1BC3-EE64-EF1C-4D6E-0AAC6536E985 (d0, q0, r0, m0, '/led/state', ... (3 bytes))
1764341013: Sending PUBACK to picoe661 (m36, rc0)
1764341030: Received PUBLISH from picoe661 (d0, q1, r0, m37, '/temperature', ... (5 bytes))
1764341030: Sending PUBLISH to auto-65CAA584-FD31-7C92-7DC9-56D9FF745F0D (d0, q0, r0, m0, '/temperature', ... (5 bytes))
1764341030: Sending PUBACK to picoe661 (m37, rc0)
1764341056: Received PINGREQ from auto-65CAA584-FD31-7C92-7DC9-56D9FF745F0D
1764341056: Sending PINGRESP to auto-65CAA584-FD31-7C92-7DC9-56D9FF745F0D
1764341059: Received PINGREQ from auto-FF7B1BC3-EE64-EF1C-4D6E-0AAC6536E985
1764341059: Sending PINGRESP to auto-FF7B1BC3-EE64-EF1C-4D6E-0AAC6536E985
1764341072: Received PUBLISH from picoe661 (d0, q1, r0, m38, '/temperature', ... (5 bytes))
1764341072: Sending PUBLISH to auto-65CAA584-FD31-7C92-7DC9-56D9FF745F0D (d0, q0, r0, m0, '/temperature', ... (5 bytes))
1764341072: Sending PUBACK to picoe661 (m38, rc0)
1764341081: Received PUBLISH from picoe661 (d0, q1, r0, m39, '/temperature', ... (5 bytes))
1764341081: Sending PUBLISH to auto-65CAA584-FD31-7C92-7DC9-56D9FF745F0D (d0, q0, r0, m0, '/temperature', ... (5 bytes))
1764341081: Sending PUBACK to picoe661 (m39, rc0)
1764341102: Received PUBLISH from picoe661 (d0, q1, r0, m40, '/temperature', ... (5 bytes))
1764341102: Sending PUBLISH to auto-65CAA584-FD31-7C92-7DC9-56D9FF745F0D (d0, q0, r0, m0, '/temperature', ... (5 bytes))
1764341102: Sending PUBACK to picoe661 (m40, rc0)
1764341119: Received PINGREQ from auto-FF7B1BC3-EE64-EF1C-4D6E-0AAC6536E985
1764341119: Sending PINGRESP to auto-FF7B1BC3-EE64-EF1C-4D6E-0AAC6536E985
1764341122: Received PINGREQ from auto-65CAA584-FD31-7C92-7DC9-56D9FF745F0D
1764341122: Sending PINGRESP to auto-65CAA584-FD31-7C92-7DC9-56D9FF745F0D
1764341132: Received PUBLISH from picoe661 (d0, q1, r0, m41, '/temperature', ... (5 bytes))
1764341132: Sending PUBLISH to auto-65CAA584-FD31-7C92-7DC9-56D9FF745F0D (d0, q0, r0, m0, '/temperature', ... (5 bytes))
1764341132: Sending PUBACK to picoe661 (m41, rc0)
1764341141: Received PUBLISH from picoe661 (d0, q1, r0, m42, '/temperature', ... (5 bytes))
1764341141: Sending PUBLISH to auto-65CAA584-FD31-7C92-7DC9-56D9FF745F0D (d0, q0, r0, m0, '/temperature', ... (5 bytes))
1764341141: Sending PUBACK to picoe661 (m42, rc0)
1764341160: Received PUBLISH from picoe661 (d0, q1, r0, m43, '/temperature', ... (5 bytes))
1764341160: Sending PUBLISH to auto-65CAA584-FD31-7C92-7DC9-56D9FF745F0D (d0, q0, r0, m0, '/temperature', ... (5 bytes))
1764341160: Sending PUBACK to picoe661 (m43, rc0)
1764341180: Received PINGREQ from auto-FF7B1BC3-EE64-EF1C-4D6E-0AAC6536E985
1764341180: Sending PINGRESP to auto-FF7B1BC3-EE64-EF1C-4D6E-0AAC6536E985
1764341181: Received PUBLISH from picoe661 (d0, q1, r0, m44, '/temperature', ... (5 bytes))
1764341181: Sending PUBLISH to auto-65CAA584-FD31-7C92-7DC9-56D9FF745F0D (d0, q0, r0, m0, '/temperature', ... (5 bytes))
1764341181: Sending PUBACK to picoe661 (m44, rc0)
1764341188: Received PINGREQ from auto-65CAA584-FD31-7C92-7DC9-56D9FF745F0D
1764341188: Sending PINGRESP to auto-65CAA584-FD31-7C92-7DC9-56D9FF745F0D
1764341240: Received PINGREQ from auto-FF7B1BC3-EE64-EF1C-4D6E-0AAC6536E985
1764341240: Sending PINGRESP to auto-FF7B1BC3-EE64-EF1C-4D6E-0AAC6536E985
1764341241: Received PINGREQ from picoe661
1764341241: Sending PINGRESP to picoe661
1764341241: Received PUBLISH from picoe661 (d0, q1, r0, m45, '/temperature', ... (5 bytes))
1764341241: Sending PUBLISH to auto-65CAA584-FD31-7C92-7DC9-56D9FF745F0D (d0, q0, r0, m0, '/temperature', ... (5 bytes))
1764341241: Sending PUBACK to picoe661 (m45, rc0)
